INFO:root:Something went wrong
INFO:root:Something went wrong
INFO:root:Authenticated
INFO:root:Authenticated
2022-04-02 18:52:07,559 Authenticated
2022-04-02 18:52:38,465 Authenticated
2022-04-02 18:58:31,387 Authenticated
2022-04-02 19:02:08,509 Authenticated
2022-04-02 19:03:58,507 Authenticated
2022-04-02 19:06:36,222 Authenticated
2022-04-02 19:07:21,275 Authenticated
2022-04-02 19:15:44,291 Authenticated
2022-04-02 19:19:43,520 Authenticated
2022-04-02 19:25:05,759 Authenticated
2022-04-02 19:32:03,052 Authenticated
2022-04-02 19:32:03,503 A large part of mathematics which becomes useful developed with absolutely no desire to be useful, and in a situation where nobody could possibly know in what area it would become useful.
- John von Neumann 

#programming #quotes #quoteoftheday
2022-04-02 19:34:16,275 Authenticated
2022-04-02 19:36:16,155 Authenticated
2022-04-02 19:36:16,155 Request successful
2022-04-02 19:36:16,595 Tweet successful
2022-04-02 19:36:16,595 With the right programming, a computer can become a theater, a musical instrument, a reference book, a chess opponent. No other entity in the world except a human being has such an adaptable, universal nature.
- Danny Hillis 

#programming #quotes #quoteoftheday
2022-04-02 19:59:06,341 Authenticated
2022-04-02 19:59:06,341 Request successful
2022-04-02 19:59:49,896 Authenticated
2022-04-02 19:59:49,896 Request successful
2022-04-02 20:03:23,602 Authenticated
2022-04-02 20:03:23,602 Request successful
2022-04-02 20:03:29,787 Tweet successful
2022-04-02 20:03:29,787 Machines as simple as thermostats can be said to have beliefs.
- John McCarthy (computer scientist) 

#programming #quotes #quoteoftheday
